30 216 116 0 246 203 95 225 285 129 21 230 128 146 254 82 111 22 160 42 119 112 242 145 297 231 279 229 293 169 274
27 221 296 249 162 260 137 74 60 79 245 174 241 121 243 197 237 147 283 10 205 12 176 251 154 94 257 183
26 36 179 275 88 85 159 290 15 226 91 188 29 204 68 11 269 25 201 16 196 155 120 30 233 49 132
28 234 65 41 212 299 148 276 273 63 156 96 244 295 177 6 76 131 98 223 55 142 228 262 240 178 52 173 130
25 167 108 75 259 227 56 187 57 200 213 172 217 271 170 73 48 101 138 106 104 126 272 84 211 165
23 33 103 24 127 218 18 19 224 102 239 50 258 163 140 83 124 238 31 67 215 256 189 151
27 180 184 164 7 294 92 150 125 113 277 284 282 158 191 61 190 90 235 5 266 78 280 17 71 97 1 208
24 168 110 80 210 58 107 267 232 39 40 185 209 207 89 93 118 139 20 265 252 47 143 153 175
23 54 72 286 133 136 105 44 166 214 28 64 26 3 109 114 70 287 250 152 186 135 247 2
19 34 4 62 144 38 53 32 222 157 86 236 23 81 219 141 206 37 278 149
13 87 8 161 171 281 202 268 27 248 292 100 194 9
14 99 134 13 263 261 14 253 195 45 255 51 59 270 77
10 220 193 198 122 298 291 264 182 288 46
4 117 181 289 69
4 35 115 192 123
2 199 43
1 66
0
0
0
0
0
0
0
0
0
0
0
0
0
0
0
0
0
0
0
0
0
0
0
0
0
0
0
0
0
0
0
0
0
0
0
0
0
0
0
0
0
0
0
0
0
0
0
0
0
0
0
0
0
0
0
0
0
0
0
0
0
0
0
0
0
0
0
0
0
0
0
0
0
0
0
0
0
0
0
0
0
0
0
