36 3580 7657 7561 7929 7287 3693 9503 6450 8713 7574 5887 1252 5748 6270 9458 9752 1700 1523 3952 819 7328 929 727 8570 9021 1548 1360 7606 7517 366 927 5010 7878 8137 1662 144
32 303 1335 6822 1560 2735 1332 9140 9985 7314 7759 8728 6842 6155 5917 1561 6251 7501 1125 113 2765 8294 4771 4211 6628 3195 7765 6995 6207 6349 3902 1708 630
32 8292 4758 3817 5324 5598 3692 6815 4687 1113 3168 2944 1111 9604 4958 9487 9920 7610 5373 4032 3962 9428 1959 262 9203 4176 4513 7154 1375 7136 3115 9865 231
22 568 5335 8175 5445 2247 1209 7928 7709 55 768 7028 5710 9164 3148 9138 9702 9105 5031 255 4433 4802 4941
34 6706 6807 6198 4058 5971 7911 4536 3424 8848 3281 481 2425 782 419 8020 708 442 5724 8904 9833 524 1682 6830 5416 2953 242 860 1788 5524 5493 7436 1076 7175 3886
31 1138 4948 3311 541 3008 7711 6786 8795 6843 3160 4613 4872 4202 8597 5182 2523 8785 2817 4871 8545 4217 1647 276 8029 8992 5597 6079 4943 3399 8777 4301
34 4377 7005 9084 4618 8758 6189 5885 8040 9325 6202 1835 2857 4101 8562 3640 967 5094 5801 3428 2371 6103 706 4030 4614 791 6368 3715 4501 6606 6715 7489 4095 8712 868
39 48 7109 8274 615 3294 9951 3249 2904 3029 1013 2585 6283 3247 5393 1168 5120 947 6272 4440 6422 6083 3038 4550 2739 2749 2045 4362 9767 3019 1906 1643 9568 6177 2868 7603 4192 5883 1680 9956
29 3869 5693 606 5860 8708 4435 9619 489 7108 2110 3368 127 6597 4824 9533 8199 7745 1596 9725 3568 3899 9076 9193 3465 3198 995 1452 9250 1898
39 6961 8675 5381 9581 1414 7687 9291 8449 2641 7975 8573 1674 8521 8338 507 6703 7692 8116 477 4404 2422 5511 3116 9754 396 7454 5864 5419 8050 7185 1351 9047 1322 4983 4700 1095 2595 9960 1722
35 3371 1040 6485 8458 2589 6724 4910 8629 1260 4867 7631 9832 5422 5170 3759 8348 5250 1762 7999 4880 3262 5763 8064 7139 1606 331 731 195 5454 79 1086 9439 762 1107 7105
39 920 2020 7640 5341 2828 2008 4788 864 6208 8991 209 7152 6360 3947 649 2776 8560 4893 9790 3910 6733 7315 9964 9571 640 5564 954 6619 3285 8638 4577 9059 9438 4961 6490 8943 7943 8174 4716
36 9675 2576 585 7318 9020 554 6654 2774 8736 7088 4836 7882 8902 951 4384 3354 8339 508 3776 1388 6231 4505 5594 3624 8655 2069 3162 4631 6700 2779 73 2819 3971 4178 1950 1972
30 1992 8518 9707 7965 1273 8878 2031 7435 2036 1352 7455 8791 6985 1676 6363 3609 9687 2065 1671 5482 4016 418 9726 4239 5840 8606 3322 9069 6934 1293
25 1515 1757 2432 519 1776 4494 567 2917 2695 9402 7471 5717 7638 2915 977 3615 9492 5699 9186 9750 1262 3792 3884 707 4023
28 2519 9313 7399 6381 9563 5424 2313 8932 1005 1773 8086 8459 3602 1637 4066 1908 3220 6832 9611 6764 8189 1123 1787 8788 1706 3656 6750 5037
27 4078 700 5970 9550 5359 849 9288 2731 4497 6741 793 3592 5630 1073 2431 6622 7130 4486 7358 5365 4375 466 637 4473 9850 1404 807
36 1528 6649 9187 8489 5304 7129 9463 9685 4255 9845 3176 1222 1232 4410 990 9284 4249 2537 1324 1913 8431 4681 3339 1468 2030 309 1096 8780 1484 5549 1878 1663 5647 6500 6569 1966
32 2015 5954 7934 95 6493 422 5853 7698 9405 1518 2304 2984 7411 643 2383 8475 6495 4430 4403 2909 5349 7538 4237 2469 5229 3595 2188 7374 4402 8080 6453 9461
28 2920 9976 7956 1867 7401 622 4214 3197 8395 8425 7141 2788 1955 6123 9452 5343 8477 965 3181 6930 2842 9889 2057 199 6268 7256 9379 2430
24 474 1097 6277 1543 734 6541 7957 6952 4637 3024 2297 9231 2654 8051 9053 3711 3635 1478 4339 5157 7831 8349 9993 2130
32 1178 9636 741 6658 3366 8554 3326 2455 7812 9858 865 6243 9539 7633 5133 1182 4629 4898 974 1152 2493 3642 611 1483 7842 8046 4189 1576 2457 2253 7281 2853
31 8204 9626 3245 9979 2538 1651 7372 9385 895 6634 1326 8796 5779 7466 2229 2557 3940 509 3293 1277 4503 8304 3472 3917 201 299 1056 9878 5788 5063 8308
30 6412 6670 6689 3555 7952 3030 6767 6901 6900 6656 9820 2942 1550 4056 4428 4546 6558 318 313 5684 6921 7453 4052 3488 1408 4695 325 7002 2658 8684
35 4495 8179 8698 9698 6424 9090 7319 6529 8915 7864 7663 5626 2388 5875 5514 601 4533 1012 6681 4406 5042 7646 3013 806 4847 2832 2440 6798 4037 3189 5595 2855 7359 652 9049
24 2009 4839 2571 4679 3119 4208 1862 3531 2333 4937 2693 1435 1982 670 7782 129 1851 2202 8197 4766 7989 579 2816 4600
32 1866 6633 1228 1406 4635 4387 7430 9191 6752 8191 6886 1098 9720 4371 1201 8237 4930 5582 7718 6292 894 9509 2494 3423 8381 9601 2692 4531 5407 7300 1923 4747
23 1066 9256 3430 4781 1010 9485 8774 9666 617 6026 989 3918 5792 8766 4645 137 694 5102 8565 7402 3404 8027 5886
37 1664 2912 9523 3667 6139 6418 7553 2233 1384 5189 6200 7196 7924 1873 9075 9800 2095 1871 658 8428 1395 5180 1782 1291 7216 9955 1283 9653 625 2002 390 6991 2502 3965 4554 5408 3069
28 311 3138 8637 8715 2473 3334 2787 7516 969 531 8058 3818 2325 4369 7927 594 2088 2394 7566 6040 1792 2980 2807 6564 5688 4509 6355 4177
25 6783 7270 1949 3565 1693 9353 9246 709 2076 6426 3865 2599 7125 2084 7192 609 1769 9683 5385 158 4859 4488 4022 4303 7182
38 8271 9046 8158 394 892 2748 5049 8254 1588 7494 2825 9557 9265 9566 2033 463 1886 3370 6357 8688 6163 6932 4457 9480 4043 7187 684 1092 1028 8234 6614 1744 7955 406 9034 3350 3380 3931
37 219 6780 3410 6044 7889 5237 2026 4661 9602 8447 4666 448 2105 6698 7135 6416 5356 1639 4326 5221 4712 2209 3594 6154 5927 2562 4222 3882 1303 8443 9390 7095 1064 1892 4315 9387 3857
34 9409 2061 9679 8520 9449 3468 8324 596 1369 7849 3290 7339 1166 286 4251 1724 7570 52 7221 6204 5741 8668 653 4461 7942 4283 5789 5961 5536 5874 7485 669 1961 7123
25 4090 6263 4601 713 3307 4346 24 7070 8840 5615 9137 9305 3546 9003 3855 2784 2975 6430 2132 210 6475 6662 2314 3155 2053
25 4525 8773 2480 7984 9813 4938 4003 8383 9941 9541 7966 738 1183 4950 9708 8467 9849 3206 1935 5817 702 2363 8337 391 840
27 3988 268 6456 3276 7993 6740 3779 9830 5507 5816 2495 3073 992 1175 8037 8951 315 8421 4398 3593 1071 5552 4299 3980 8360 426 835
26 2581 984 7724 2250 9074 8109 5702 2841 4800 1904 6325 6226 4262 6180 356 2719 4856 4612 2219 3427 3059 1699 1327 3153 7586 2704
37 1838 7612 7320 9768 842 1609 8262 2401 7114 493 4815 2320 7916 9263 7370 7727 8419 5569 9375 9407 9900 1656 8283 1053 5268 2086 7155 1820 7238 6577 7419 229 8891 4751 1157 2940 9536
22 1900 5018 7429 2720 2135 5769 2869 2941 5299 4842 789 7329 2883 2642 1784 9705 5267 3439 3760 7813 9921 4399
18 2949 4379 6252 5858 9130 1977 3785 3429 6737 6313 3476 8018 6926 1034 4881 4004 9181 5979
26 1194 5282 4575 4794 2570 3701 2782 4656 8617 767 2760 4768 5559 6326 4828 5980 9372 9732 6104 9746 2830 5078 1575 2880 4922 9215
25 9216 9283 5402 9411 2603 5881 8406 6849 5744 4170 6159 4467 3292 5532 4092 8857 4073 2690 4468 4191 7476 6193 9794 1726 7731
26 29 8342 7293 5902 2738 5161 8509 277 4583 8277 873 7483 1885 7449 5938 4783 3098 5177 8522 4900 2836 9371 6112 8526 8825 9690
17 1315 549 8950 6466 3549 8962 6663 4143 6916 6965 3773 2511 306 8397 7304 4817 7133
28 4586 3333 6745 5756 5678 6380 1338 7474 6178 624 2546 6897 3145 8598 8457 6948 6011 5781 7157 4640 5410 4670 9876 2623 3107 1226 5476 6675
26 583 1269 2512 4164 5017 8434 6068 8346 498 9011 6425 147 6648 7876 6672 3077 9908 9872 518 6036 2308 9099 7100 5195 1574 9910
22 6695 3578 7113 4853 6056 1177 2173 2766 5353 8689 3545 3680 2911 226 4567 2024 2226 3797 5072 9454 3275 7450
20 4094 4309 3442 6831 563 6630 8079 3829 233 3809 2721 3000 4971 2752 9599 5896 8607 2671 7509 5726
15 5868 1105 3149 3381 6793 2109 3352 9553 9843 3876 2873 7753 389 5272 7676
26 84 4008 3607 203 7940 6352 8136 4456 8030 9185 6483 5428 7642 1116 2707 9618 3387 3081 3504 171 9308 3858 859 1244 4732 302
20 2559 5716 4829 9392 821 9729 7248 482 8291 1854 3536 5687 5732 8006 5930 6489 9398 2795 1659 5555
38 6329 1024 2357 6804 9255 8536 119 6563 2651 5240 6034 4064 9871 9874 6969 1553 5211 9062 5810 2561 5109 890 6374 4946 1673 345 6542 6697 528 460 2409 7996 5876 3218 8216 811 4129 2208
25 88 5497 187 3156 677 7499 423 1305 8670 5284 3242 1618 6555 5633 3517 1974 9088 5747 9056 7974 4678 7964 7888 5159 1976
39 9128 2899 9412 9595 41 7580 1640 1489 655 4673 4376 1580 9297 3807 6962 1994 8984 330 5540 3657 9652 4221 5670 2156 4336 8491 6774 3308 7639 4425 787 9978 4968 3954 7008 176 9775 8280 5682
39 5113 6747 1100 1984 4437 6304 1995 9289 7174 7548 9190 4957 9242 4293 7386 3802 1937 6460 2945 953 1382 9828 3344 4263 205 1036 2553 6388 632 7981 304 9145 401 6911 1614 5587 980 8002 8980
37 1734 5060 166 5089 6206 6669 1142 9527 2041 2982 9171 7309 6280 1460 1415 645 4669 6106 6396 2513 3946 5271 386 6262 9699 5496 9697 4183 3896 6227 7288 2876 5666 805 3984 6273 6492
24 2106 3849 5856 2783 8464 6173 46 8440 9972 91 9320 4920 7679 6378 4343 2948 8312 7761 3756 2837 5627 1237 7729 4557
16 5743 5654 7768 2436 2399 9575 100 856 5892 6089 3949 8667 319 1470 7672 2591
27 7913 3490 7792 2335 2717 4965 278 7260 2613 3212 449 2062 8076 151 6928 7178 369 1035 6195 8685 1801 2725 1952 7611 1713 8364 9811
25 3457 4098 6794 1227 8055 7156 5808 245 1323 2507 8323 7546 7572 3789 6884 9346 6397 1279 7845 4261 5127 1385 9891 5718 4662
21 3444 4150 1353 5245 19 7020 206 513 4196 98 3414 2429 5491 7682 7636 1859 9177 9381 6274 7298 2346
36 400 9965 248 439 3092 57 2927 9065 66 3477 2802 6749 2600 6279 9980 7770 3754 4566 680 9148 3474 5019 7886 1780 167 2139 8140 6759 6448 5634 1080 7702 5412 9404 1718 3274
31 8699 3572 1635 7082 1564 8614 4940 1272 2937 8506 5695 3451 7342 7651 3570 1746 7982 30 8812 134 3194 9525 7053 8124 3670 6624 3277 983 1758 9854 5175
22 7229 2324 6361 7398 4644 7534 4415 5621 3968 7599 1622 2894 3503 6632 5144 4236 3417 5011 1173 5819 4978 8499
15 2356 8640 4742 6002 8731 273 769 3167 8420 5649 3475 1860 5457 1048 1339
37 6851 6164 9267 9078 4602 3875 5516 1453 9429 7492 9135 9950 1106 3862 5584 2178 2810 4639 4903 7853 3707 4086 3832 7532 2381 7292 771 973 1091 2865 2491 7524 2408 6358 3184 9354 6494
19 7936 3655 7446 9144 5303 378 3232 5344 881 3267 2667 9482 2541 6384 925 2746 1805 4142 2659
22 6199 3196 4706 5112 2230 3317 8021 9944 2605 6340 8187 2482 9262 2967 8970 3191 2059 3210 6062 3846 4638 1880
31 2520 7428 6004 2118 5686 7193 6255 1863 2954 3469 1738 161 1461 1008 5366 1236 5681 2218 4565 1342 5326 5898 6687 9467 7338 4116 9918 4759 3712 8850 4841
25 8578 9109 1752 6359 8843 720 2011 6345 395 11 8362 8242 595 6709 2950 6472 4447 5098 7395 573 9123 6545 4332 7834 8636
26 627 1090 5721 933 4154 5771 8973 560 4481 2187 2246 8160 4278 3714 4244 3434 5470 4210 7518 3431 4972 301 790 5035 5631 6417
22 9514 3090 372 222 9888 5086 4882 3321 3767 7003 8248 6050 5030 644 7781 858 3106 7290 648 6242 8311 4277
20 7463 7475 2465 4059 5300 4855 7040 8703 3025 610 5192 8787 8302 7210 8967 712 6464 5095 8278 7042
5 5440 9504 1411 6801 7678
20 3976 8892 6409 3114 3050 2497 9738 4099 2505 9012 659 1846 1281 6680 2160 8530 5534 7802 2960 6517
28 8979 1697 9495 6245 5158 7867 2072 7628 5620 9143 9657 9490 7627 4746 959 5610 9961 1806 5298 3158 8846 7165 3113 8707 107 7667 5538 5575
30 4200 9401 1121 6192 4980 9045 9640 8681 9586 572 1729 6503 3263 4677 1433 2977 584 8704 294 3548 7526 9157 4598 4075 7869 6611 9413 4812 4757 2170
30 5746 9306 9316 8157 3461 8462 7224 4869 6261 1474 2470 7503 2680 4204 2636 408 9366 8592 8944 2965 8887 6065 4691 955 6827 8276 5889 8350 1658 1288
30 7451 2963 661 2957 1524 9633 5054 9345 9182 1721 8273 5799 2790 6925 2882 5619 8446 3161 3864 8478 2723 4463 3956 4993 7219 2628 1156 3975 557 1038
34 8203 9469 4720 9680 5663 8823 3512 7092 4372 2753 529 5228 9457 4163 4587 8097 928 9110 1786 3684 9919 3234 5000 8180 5750 3254 1696 2823 9781 9448 5988 8423 8232 5449
32 6168 4833 3601 3462 8309 9869 6474 4207 5602 6825 425 5076 457 6581 7510 7817 2789 6528 9739 8604 7571 4674 2043 9008 6421 8151 9269 5912 4311 9661 4268 1336
35 8548 4935 6296 6536 266 2352 3066 6537 2075 2291 4986 7847 7197 1255 9949 5941 5104 77 824 7486 6446 6891 8781 3355 2617 2895 2726 783 9126 6233 4203 4378 5150 2697 6348
26 5369 5554 3068 4624 2181 5888 5920 3022 1223 254 4245 4749 6312 8590 5519 6176 5715 8627 1781 6667 3953 4182 3889 705 1812 3367
16 5235 2316 4894 6228 2384 3774 5570 2844 1730 1205 2318 2998 2298 8907 797 6919
10 9393 9847 8890 9579 9489 4811 9115 6136 8221 6761
36 2626 4109 8328 3557 2896 7208 6809 4485 1491 7837 2054 7167 4356 7316 6444 5642 8909 6306 3673 930 3977 2205 5945 2890 1624 5033 8186 5671 2097 4416 7918 4641 5294 8163 4186 5065
23 6735 8784 825 7870 6615 8989 1902 1218 3502 8631 3623 7176 8741 275 5919 3187 5084 8755 9597 1877 54 9257 8048
26 9166 8149 1438 2838 1874 867 3753 9496 6905 5099 7137 8126 6838 2447 9066 9312 1007 5283 7160 5987 2175 8790 1258 3730 994 7649
28 2296 5727 2424 4693 7104 5332 2330 1203 4862 7871 3509 8749 4890 7032 8600 3215 1764 776 7983 1704 3978 9323 9875 1425 603 3035 2862 8594
29 6765 5712 4405 3816 6805 952 7746 1429 7777 1391 1681 6512 6601 1772 9548 9583 3452 9667 5013 5989 3447 7487 1617 1337 3464 2022 6933 495 3887
27 5358 5034 3329 4352 5679 5913 8981 4441 4443 4107 8828 2201 1712 7170 9516 53 2369 3922 8409 5364 5051 3415 7001 4926 5731 4729 5125
29 5214 435 6012 2382 4826 47 1660 6218 9659 9508 536 546 2906 7592 2362 4684 866 5139 3165 5401 8153 420 3125 4769 9507 1147 8501 2818 818
19 1888 7862 5377 3193 25 7063 3761 5396 7241 1099 6477 3523 913 7332 5895 7758 1191 1120 1207
31 5285 4228 9735 6399 2270 2732 7415 4085 2602 800 9859 4775 4992 8307 5999 6027 4478 4201 8399 7644 3039 6187 9331 8380 336 845 3126 2227 59 3021 6467
25 9543 1200 8835 2056 7884 7535 6716 1725 5064 5140 9240 686 5827 3959 8725 4235 548 9540 1925 4982 9336 7303 4305 8044 3064
8 3629 8310 3055 672 6031 7097 1817 6644
30 4421 6942 4657 2235 2167 4990 3740 8595 8368 2417 1117 5105 4400 6866 202 2190 3661 9572 2549 6846 6640 556 3143 9994 2091 1390 3837 9673 7348 8898
27 1970 7373 6305 7434 1843 97 1245 8609 9000 1181 8516 9498 7313 2955 1165 5249 1714 4238 7767 5739 538 1274 9840 7089 3012 8540 6828
8 7861 4071 375 7468 7671 8810 6230 4325
23 1313 8133 8747 2338 6141 5241 4285 6094 3986 1914 7009 4989 6990 2081 6351 344 8068 3312 576 900 2310 2373 432
17 117 8329 3471 61 957 696 9649 4537 4648 3409 7637 5535 5818 3579 428 476 6285
32 2147 9104 1503 9631 6413 5135 2442 2077 8772 2639 1193 6757 4213 7209 5040 115 8177 3554 6726 8245 2155 8931 6701 9119 5431 781 9668 5607 7946 6364 5266 2224
29 8630 8557 2079 945 699 902 7346 1416 2966 1444 5220 9208 968 1197 1270 103 3878 1953 2518 5762 5617 9783 746 6212 4474 914 2353 7593 5592
18 6912 5008 9981 3663 8546 2343 124 2496 748 3823 2968 3243 4000 8998 2650 6019 1083 7851
25 8448 4020 7190 7236 4913 2979 1250 9264 1509 5764 582 388 4144 4051 1162 6637 4707 5512 5203 6330 7954 5798 7597 6322 532
6 1135 7194 5568 544 8074 6527
21 7064 3236 7891 7347 589 9524 2192 3201 8010 1933 4572 6779 4229 3563 5926 3349 5423 5348 1254 7855 2210
15 1978 8587 6269 817 3647 4773 6964 6157 362 2488 8226 1731 7527 2287 3713
16 1735 6160 2278 9864 208 982 3993 4084 3905 7301 3345 8616 4250 2994 9251 722
30 8198 5205 6718 7554 1221 6645 9199 3532 5777 7726 8830 4358 7502 8926 5558 3895 2611 3501 4912 6754 3473 2579 8528 5467 7540 60 3700 6070 1495 3388
27 3541 1276 1240 2261 3420 4807 135 2745 4709 2663 8485 8742 1297 1217 7697 2311 9403 4373 8125 8196 2005 592 4390 6514 4778 4795 3664
22 5948 8376 2123 271 4502 168 9815 6454 3104 5562 7153 6174 9399 340 5791 2034 8971 7184 3020 8319 4445 1653
18 4877 3147 2184 9018 1443 4035 9701 3459 4009 5320 7898 4419 9624 3728 1849 1623 8008 1542
12 3253 7013 5815 4119 2368 3086 8753 9938 2785 3665 8818 2252
26 2539 4088 7102 2741 3083 164 7840 2355 7014 3901 5909 4074 7505 1239 4754 7068 3996 855 7054 3076 2157 5024 8336 7349 3043 4040
28 2780 4153 7323 3585 1755 4705 3122 9158 2044 4686 8481 7361 1235 4840 7917 703 6469 9998 6696 2987 5871 5703 8441 1249 3920 8084 7705 9024
7 6403 8102 1421 8088 3246 7590 3871
23 2531 3708 3338 2989 5154 8344 7798 4902 3385 9967 4541 8012 941 2582 9648 2307 3132 3492 7161 5790 8222 4393 2554
17 3654 5382 28 6224 5618 4448 4524 7127 8114 8572 5784 6390 1552 5130 5931 321 181
24 5222 190 8484 8965 7962 5729 6869 7121 3725 4215 2149 7785 2334 4357 2267 8626 139 3641 8714 8519 5110 3244 3347 3836
26 6135 7704 9852 726 6265 9382 9628 1973 5155 350 7443 3070 4535 6878 4917 6423 4151 132 6592 6673 2637 2908 1938 6955 4133 8215
25 1593 5990 3891 1002 3685 9837 4470 7933 5992 8039 4012 3074 3909 2427 3419 7559 7973 3031 7112 49 4354 4308 5331 4803 8925
32 3426 5711 8155 7277 8937 397 6856 5163 1282 4777 9917 1389 9077 4219 487 154 5430 9582 5319 8286 1694 8162 5389 4633 8515 2301 3172 796 5274 3026 616 8152
17 1794 8783 7198 2714 8213 2742 1689 2791 3608 2533 6086 8340 4361 7368 4755 8612 131
26 3544 6742 3108 4028 7883 6119 9742 1644 7425 1679 9474 4426 7488 862 7796 4409 6124 5793 359 8356 4516 6217 926 1174 9131 5596
27 4761 2112 9180 4643 102 2551 7344 698 2264 4805 2924 5548 9741 6253 7179 7271 1763 9006 5585 1893 8885 2521 3010 9241 3422 2326 8363
25 284 3966 7685 8085 9464 8173 799 5632 883 7164 8807 7907 5080 2454 5462 960 6949 9807 6032 8282 3356 5230 5499 3279 3033
6 5137 7186 8739 7464 5352 7773
27 3866 9744 6293 5426 1211 8094 7145 353 2796 6772 9298 547 851 8927 7675 4680 5355 764 4275 7839 2443 6314 3860 8098 3819 9759 3631
31 6069 5668 9620 3879 2180 5557 4944 1179 3062 9684 9195 9923 2621 5021 7872 2137 2560 9009 8544 1727 6075 7280 4931 2701 8090 4424 6522 6241 1306 5443 1691
11 7799 5027 7810 6694 1803 8493 9132 6712 2640 2771 4471
34 9696 956 5957 8093 4050 9681 6638 381 9394 9273 193 6885 7920 2835 9785 3992 5908 1541 7720 4168 4076 2891 1990 3300 1049 5209 6731 7126 6229 7261 9577 9776 8690 8884
7 837 9913 580 7846 7140 5983 7376
28 7666 8146 2934 6575 9743 9564 2653 7150 6659 3782 2395 5092 6181 6462 5921 4359 2850 972 7367 3926 6788 2193 8156 2257 1082 5545 6505 5244
26 8978 6756 1206 2128 5210 9333 9234 3757 6940 7006 3894 2093 6707 2340 3912 8218 2678 7204 8139 9764 7723 9311 4962 2294 9940 8377
12 1563 3325 6818 3906 8111 3330 3745 5121 1868 0 5531 9259
21 7243 290 5719 1627 7253 5409 6526 8945 4270 9655 2901 1598 8494 6799 6880 6682 693 7620 8353 9506 8727
24 8351 7557 6984 9286 5656 8367 1436 382 6762 8990 9357 8026 3628 163 3323 7734 9221 4609 7200 6725 3897 6914 8959 6300
16 7119 7716 8394 4517 1631 7944 6797 1740 3048 1380 7083 5832 2851 6520 3378 757
17 3540 3758 3575 5006 3991 8207 8128 2305 4558 9556 326 8224 8486 4123 3315 8284 7061
24 8382 7255 6327 9100 6652 6186 6927 459 5837 3997 9724 7680 7403 4065 264 4174 1329 5956 5542 5142 1426 5894 3522 623
8 719 5934 3990 1399 4476 1403 710 3224
24 8816 1628 8768 5662 4764 2919 3524 3970 377 2370 121 1709 5984 1814 8258 717 9245 440 5884 371 3853 1928 8260 8778
24 6003 212 4291 3666 8575 7683 4605 8101 5952 3258 8952 4734 8510 8105 7587 3449 8511 1960 1450 5778 5329 6146 558 2620
27 3375 4115 9634 5107 2916 9710 5045 9165 6746 8159 2174 8691 2125 6452 7755 3597 1666 4745 5518 628 1059 5752 9129 5446 1479 6994 9614
8 445 6321 1325 40 5805 6790 3142 8253
29 150 4482 5593 5437 8500 8800 3854 3967 4786 7560 9780 1827 8776 5910 3706 2685 5843 8899 526 5277 2976 3336 743 8479 9883 7416 9765 5825 8717
28 3605 665 1723 1777 942 6356 146 2969 8259 1934 4628 8743 2978 6290 3893 4312 3873 4477 5851 4647 2481 4996 3094 3456 5339 2441 6613 2839
23 9562 6903 9819 2754 4089 6013 1259 5708 8550 239 8288 6874 7998 9755 964 3353 2063 581 4977 5749 831 9391 5293
25 9254 6771 6567 6729 7191 454 5658 9361 6213 7274 3438 6837 9431 1196 4389 5506 1011 7615 9067 756 6958 4994 6288 9417 4923
29 9757 6000 4396 4659 3958 1079 751 8652 3393 4832 3173 586 6983 8403 7573 7730 6346 3392 5357 3982 1719 2027 2096 2372 5736 4823 1350 3576 6433
33 2992 172 1963 6402 922 159 1355 3102 1943 5567 1710 4699 5374 4722 5088 1501 1448 614 7396 6431 6301 1971 3171 8639 4780 534 6992 3412 3533 5269 6074 2878 1153
21 6877 2293 3067 8370 9559 2426 4194 7779 6006 9204 8852 5176 7378 2347 9147 7904 8802 5937 8503 9025 8921
26 211 3117 9761 9481 2900 1104 4033 4714 1531 2684 9153 5852 8427 1167 8912 9588 9502 4422 3526 2182 1526 9332 6931 383 7537 5312
23 1630 9473 3951 5510 1852 530 4848 4225 4260 7737 8209 9512 1496 7732 7282 7595 7380 2769 3305 7021 9441 5877 7972
27 497 6023 8412 1215 6082 9156 4282 6566 3454 744 8512 5498 2700 7925 3979 9989 38 6022 8333 6105 5657 4620 8141 7371 1865 5850 2770
30 1102 8379 6989 5433 3228 8662 8687 215 434 1264 4947 2713 7418 740 1690 6234 7514 4960 6588 1616 2925 7708 7832 9253 3703 9499 9517 1043 270 6533
31 950 4205 8653 7762 3133 7515 5700 387 8928 4453 3610 2804 6970 8961 3182 7389 6240 7626 7072 1926 2834 9479 8172 3348 5740 9542 6394 6988 3265 8384 6084
29 9625 5012 753 5375 9475 5082 8028 9070 7065 5317 7635 1368 2500 8513 153 5905 9814 1158 1577 9793 58 2625 6294 759 6461 4350 5270 635 3110
13 3103 3743 6913 1879 3358 1670 2269 8452 3337 5508 1202 2321 8738
16 8184 9763 6684 681 1567 1648 4808 3186 667 2905 4697 3383 8375 5068 4338 2273
17 8290 8786 8410 1655 3403 6307 6705 3112 5371 7291 9040 8815 5753 7044 4728 7242 6650
22 511 2997 9341 5766 7162 1685 2556 5622 3847 453 512 7788 1331 21 9258 6049 3941 8305 160 5773 7624 4005
32 656 9179 9647 2245 4007 2035 4664 2260 8193 7384 6120 8692 5452 1736 6953 9802 2884 4166 8317 6999 4864 1798 404 6976 8096 4442 8567 421 3223 1137 2103 1247
6 3696 6547 4973 3539 8345 5046
12 8564 1492 5991 9798 8132 5897 1793 1356 4054 662 5435 8463
17 1512 4414 6924 9691 4630 3384 8285 9282 9483 3911 5918 6509 6621 4218 8625 1052 5616
28 3616 8034 6739 1910 671 2217 1311 106 9027 7513 8860 3082 2290 3141 122 4060 9547 1451 3389 6276 6906 8144 2647 9877 1285 5950 6631 8957
21 3972 5187 3433 9897 9497 9089 674 4569 8289 9902 847 3507 5321 2344 4459 3914 5836 9596 6676 9642 7460
18 2006 2143 368 6910 7529 9911 4582 94 7306 9356 2826 9855 7852 4936 5138 3505 2070 6935
14 9901 2327 1407 3596 6502 8435 874 9670 6951 1170 9064 3058 3105 2573
30 6710 9795 6076 380 1733 7922 9822 5302 777 4988 9388 537 8325 2213 8920 3484 4925 6184 1187 1632 9248 6092 3250 6315 5973 5395 9168 8613 7751 7390
11 297 1993 3564 3697 7188 3005 6607 4184 3202 9569 1823
13 8024 9974 8073 3833 1430 39 8413 2212 446 12 9753 1185 263
13 5406 3239 2418 1 2047 9279 149 9266 879 7069 1829 7251 5311
19 2657 4507 1186 1797 267 2831 934 3621 7383 1289 7354 3178 3023 7696 4165 4688 8202 9616 5563
27 9314 8445 6024 2207 1263 7811 8244 575 8906 8721 8470 8916 7531 4621 6791 8660 8358 5028 3309 804 9664 2612 7244 2010 8255 4909 2773
15 6239 2074 6128 9654 2140 4024 5576 6081 697 3291 3297 613 6441 7937 747
7 6115 1833 2986 2176 8231 8969 6960
29 4733 3445 1508 4366 7169 2525 6719 9226 5372 3799 2607 987 1513 6868 3955 6347 1417 8347 6612 1638 3040 8729 3662 1487 8482 9714 7968 5111 9476
20 5500 4233 3188 7567 8832 718 4830 5156 6584 8504 74 4006 5141 4564 7350 4570 8523 6302 8939 4185
24 3717 6021 7579 6967 9037 646 292 5193 7778 1695 6980 8822 6720 8533 4188 1822 7721 3769 8751 1462 7052 2389 1139 1510
16 2000 9617 2781 3493 374 6247 516 9300 3443 352 9460 8293 7016 7749 2590 6753
25 32 8955 5690 7448 2108 5915 4397 907 7843 2547 9644 6085 2398 7790 3256 6938 9415 503 673 5893 8389 5207 1446 590 2691
10 6039 7926 8228 2808 2438 683 9408 7520 2740 5059
25 6966 6078 4227 3867 9928 2852 2479 6344 2241 3261 8871 6116 9239 8233 6281 9522 2615 8732 654 2985 5591 1366 5923 1514 8119
15 8104 4112 4080 5829 6316 7442 3938 9419 8298 7337 2434 8164 2799 993 7110
26 4914 1294 2930 1441 2675 3784 7456 3710 3425 9328 7080 282 189 3494 4039 4122 4175 4212 5924 1881 6153 8623 8100 327 3525 5745
20 7585 2711 4349 6053 9712 4615 5701 7382 1030 7479 7562 7081 6238 3071 9189 4079 5257 7038 143 4908
13 8559 7877 7227 5475 1292 2396 2943 3087 7826 3787 8508 4432 4013
18 3049 1605 7180 4885 6457 3651 1192 5062 9518 8633 1698 8267 522 6760 2361 1204 7405 6524
18 3362 5417 7750 808 5168 9880 6829 1919 1126 7519 4837 8919 5846 2196 4484 1579 4865 6087
27 241 1349 7019 9127 1455 8266 9570 4834 8746 1756 7879 2645 1169 9218 9958 361 3214 5259 6449 6440 7589 5806 1133 8082 5325 9650 5760
31 1557 5453 3435 2706 871 7894 7508 9073 178 2048 2248 7351 2875 4694 8833 3455 9959 2545 213 9730 8315 9206 452 1440 8183 8558 9484 7784 7391 207 5854
11 4475 6150 5480 1582 8861 3180 3140 6917 5190 5438 6693
15 7648 4048 7630 2596 9639 510 5556 4252 809 7239 1594 2689 9600 2358 5456
10 4307 961 157 9799 9207 9121 5384 2189 1321 6610
12 3257 3208 6110 1251 7117 1054 5295 4029 4652 499 2486 2038
26 8236 4544 9209 2385 1511 4063 6331 2052 5169 7296 8974 7124 5073 2478 1975 7545 5916 123 1760 1089 5233 9243 6586 8195 3927 5828
14 5601 986 6896 5050 5014 9612 8806 3839 4776 320 4335 2558 6802 5071
19 1208 412 238 4316 1686 5625 3660 4578 2433 8764 5118 9455 5946 8948 2847 1701 9749 7356 8036
23 4854 9846 4300 2386 6871 6893 7903 6480 5880 3436 7805 5785 7521 6572 985 3515 5197 75 3407 3687 5669 8543 8371
27 8995 7912 9035 7010 6237 2374 4636 6692 3269 305 936 5986 1401 2282 5164 3100 5609 7977 6317 2046 9646 1497 6546 8658 1858 3229 2055
12 5387 7230 4223 2928 8792 854 35 7665 1365 4866 4623 9954
18 3989 1267 9252 8077 8922 4500 1572 5822 1621 4108 1506 2197 3287 3591 5002 5149 4861 1136
19 6398 1046 5069 9731 6367 886 6727 8316 3121 3079 1392 4407 7101 5830 5165 500 5097 8299 2866
24 1845 8671 2527 7048 1330 6587 2402 3163 2144 7099 243 7659 1678 3506 1720 3235 6796 3413 3898 3002 4676 307 9531 6775
24 9202 9842 4713 7558 4858 6009 9082 4651 8166 3981 5481 7363 4915 8408 7908 2367 4380 4702 6899 1905 9560 9211 9638 2618
27 6643 3482 1985 1062 1779 3798 3722 5123 1130 9237 1566 2051 2256 6683 6282 2485 2750 2165 8677 4534 3727 3934 1894 2019 5047 6918 4348
31 5263 896 704 552 1109 4256 9962 8214 5400 6751 5004 4045 1741 3748 2268 2303 9835 3511 7128 6436 5722 9384 3268 7423 7051 9162 899 6981 906 2914 3945
18 9068 2661 7041 7066 711 8072 716 1348 8987 5313 4906 2768 2004 9017 5117 184 7385 5067
19 9030 502 846 1634 6498 6956 2635 9769 7246 3646 8820 3211 6463 2131 7625 8053 4193 3637 7950
30 8642 300 629 9276 1768 7712 3793 2568 1029 7769 2756 5026 733 5166 8851 9440 1405 3192 3582 4974 6341 6010 6539 2961 7814 6194 6702 4273 1645 4951
9 5218 666 6066 461 23 3028 1093 2540 729
15 9851 9274 7379 4017 5553 486 7189 7228 8838 44 4916 3440 910 9931 8013
22 2681 3786 730 7874 4703 3783 3840 6836 9450 4297 1527 6484 3904 2323 2393 2898 6443 4857 2931 1463 7542 7362
15 1815 1447 5227 3826 739 9087 5213 6404 2736 6521 8461 9277 2604 8131 2090
23 6101 6618 636 938 490 4055 8621 6375 3561 1016 6362 4081 6589 8417 9217 7583 5316 9501 9808 3543 5644 5162 6311
14 200 2566 8588 9806 6538 4137 415 780 1785 9519 4998 5202 7138 1015
18 7575 8819 2365 4997 87 2392 9893 1129 651 8641 9971 8569 8123 7311 1507 9334 2185 2824
26 6639 7134 8782 8300 7715 3859 9574 8460 2715 1850 2341 1819 2757 3913 5427 8496 9529 2655 5420 2569 2550 9567 8451 7623 9915 4018
15 5541 9804 9751 1346 6523 2453 7278 9844 4654 6713 8571 8468 755 3733 3633
24 6132 8737 715 5074 1521 5933 5603 4682 2452 2042 5479 905 1519 5577 2003 958 2262 3485 1172 525 4269 4242 9573 479
9 8711 9232 4939 2534 3824 1087 571 9885 8582
25 225 2578 2377 6593 6248 2040 6519 1692 8261 3085 8872 5976 5061 2154 5904 9946 7550 785 8056 6249 3681 2643 7688 8430 6250
9 3527 109 7325 7854 8946 4363 2463 9909 5415
16 409 2649 6058 9071 4355 9812 3691 4561 5041 5526 9083 5664 5975 5334 1150 2563
24 1613 5279 9478 9838 7222 3075 118 7743 8148 5023 2861 7949 6171 3844 9594 6646 5561 6214 5754 8913 7985 234 6723 9916
10 2166 4959 9052 8426 5425 69 3537 2660 3848 6400
22 4318 92 1565 6196 8761 9882 4068 2272 1428 6223 5872 8400 399 3948 8881 7703 6860 480 981 3801 9451 8722
15 7512 5487 328 5996 6410 1530 7226 5477 7085 7662 2288 4337 869 7302 3741
10 3205 9272 5116 2809 8182 5730 3811 515 9293 7433
14 5572 5466 7804 5463 7 4726 3237 3099 9010 6295 7024 1748 4220 6889
26 3190 8118 2665 4888 7643 4884 4111 5486 4330 1583 8997 3130 177 6823 5943 2405 5761 1242 1808 4230 9296 7530 7079 5390 1887 4446
13 9733 1883 9347 1372 9406 9459 9997 9745 5461 3080 9786 5599 9637
26 6048 7816 3746 4347 7457 6179 3295 2874 7525 6915 6824 2122 1988 963 6556 4198 1765 2646 7408 605 221 7202 9210 2964 9719 316
21 2060 5495 8188 2404 826 8444 6386 2206 3421 6806 90 183 6975 5675 3372 4932 3960 3777 9029 3705 7713
24 169 6814 5838 8695 1494 4195 230 7857 5256 4696 6848 2400 1946 4559 5997 351 7031 8386 6768 165 9396 2100 7833 7111
8 8227 932 4118 4492 559 9290 4683 2926
14 4875 3614 7071 5421 7326 2871 3374 569 5151 9051 7096 2886 3324 8070
27 3636 9546 403 3530 3752 9632 8760 5768 485 8988 2037 887 9348 9704 2085 253 4152 5327 5673 5787 944 2962 7074 9427 13 6099 7979
17 533 8219 3885 8042 506 1146 1836 6568 6267 6773 6666 8561 5867 1014 7577 9922 948
13 8566 6377 9471 8110 2339 9756 7992 1549 5797 587 1809 6191 6246
17 565 9349 2186 5005 6777 7331 1265 5590 6140 6071 5589 9760 4735 9443 9635 455 8120
14 2999 4171 141 772 2121 6902 5160 5472 272 4190 863 5292 6129 3491
16 5890 5636 6473 3566 8682 832 7276 8192 101 5936 6057 8541 2421 1488 9608 9005
18 8574 3017 1233 9926 7465 7211 128 1667 5043 5566 1864 4493 8968 1085 5544 794 5459 20
17 1869 3830 3200 6220 7172 9002 7245 1587 8804 6336 908 9444 9101 9866 5039 5993 5573
5 1363 1986 6879 8108 8596
20 975 3632 2577 830 1529 4439 4322 7107 6130 4114 4498 5429 312 6045 3369 9669 3716 1633 9350 2764
17 935 8059 6647 7387 1584 1110 6744 7910 8895 8893 9307 5775 1848 8866 1020 6890 3950
17 3047 3051 8167 5803 1537 1947 2023 5323 5473 8007 9706 7462 8539 9821 9233 9863 7909
13 7677 9627 3129 3603 3842 3936 788 1149 8251 6616 5460 5714 1540
25 6570 9466 3675 1459 8883 5959 4690 2319 4625 8524 714 9170 5786 3497 363 6668 7978 6661 4927 2249 7772 295 3588 7641 3097
25 2652 120 4491 6882 8901 9141 561 4845 9136 7106 4762 815 7500 7022 4487 7511 1940 602 1148 1354 3310 6507 2606 70 5672
10 1997 9613 1381 9933 7591 393 2283 4753 26 1131
20 3513 5087 9896 691 9934 1911 7440 6898 4323 5694 1747 5963 6337 7797 63 9001 7018 5728 8771 9693
25 4966 7118 7988 4924 8798 2164 736 6064 6486 1328 3437 9368 291 5966 6144 1171 4431 2378 8295 6941 5613 5361 8168 1732 5571
21 1422 2885 8033 3765 1199 2345 9072 4276 4608 5530 9261 4562 5414 7780 450 1739 7317 3683 1128 2593 3134
11 7357 5698 6875 2973 6711 4863 4011 5813 3359 3771 3688
15 2216 1601 5234 4141 1143 3788 7771 9295 9957 2251 8663 6401 6690 828 7343
17 5517 3396 7312 802 6392 7668 3795 2119 4806 7043 3542 8303 8332 4886 5661 8301 2508
18 4246 417 2856 3921 5783 7034 7364 494 3770 2673 3319 3694 8605 8726 2322 170 4790 5077
12 5757 6922 4782 8831 2981 4532 3974 833 7275 6319 1119 8330
14 5503 9118 3124 3057 3669 4147 4607 1595 2526 2089 4290 4660 4019 8824
26 1189 8542 8953 3851 3648 2829 3127 6674 9809 912 7037 3645 1298 8354 1775 4809 9271 289 631 7215 7822 4905 2730 3562 8744 939
8 4984 2536 9996 1625 9927 5653 5857 2814
13 5025 4665 3411 9805 839 3036 8856 7684 884 6847 6600 2007 3185
16 7000 8940 5650 6580 9028 9364 2397 9734 2958 9758 7856 5219 7990 7264 2450 8147
10 4873 9935 7116 7948 2767 2145 1615 2815 562 7820
14 7690 4520 6297 7754 5286 8476 4738 7821 7056 5392 8837 8275 1646 5665
23 2275 3930 7234 365 3731 3432 3216 4560 2104 4333 4110 9016 2336 2403 1818 1795 4272 6335 8888 6339 1958 1210 8480
22 7808 9505 8099 3007 2228 7865 1834 8661 1320 9275 4464 7142 2517 2699 2872 6145 8507 411 4568 2786 664 7283
13 4744 3790 2846 6963 6865 7793 37 1688 7330 5490 3508 7930 7522
9 7406 3510 6338 3199 6125 8035 4658 5212 5982
27 843 5009 4302 6041 2151 6982 692 4543 9142 8361 484 1612 801 2708 4067 6510 4737 1936 850 5345 9468 4896 9622 8611 504 6354 2840
27 5405 8956 3874 5879 8918 6857 6211 7935 7967 1702 2923 7616 3590 9416 5546 3598 2929 4179 9351 9057 3943 416 3652 8078 2243 5697 2169
11 8586 9544 7355 17 9963 1956 8235 6770 7533 1001 1825
21 9975 3373 5899 1831 9054 5340 8334 5052 9665 5255 9437 9342 8972 1379 1398 5683 2349 8797 9771 443 4741
10 1500 3453 7477 657 4953 5608 2710 4135 9867 9360
19 7171 5951 4328 4105 4907 8062 3271 4449 774 5314 9870 2921 8676 2688 8593 3164 2317 7439 9803
21 2240 2702 2543 1464 6203 6769 8821 1650 4025 6309 4131 8060 8322 7233 3581 9552 7087 5119 6872 7163 8723
8 175 9133 7971 4353 4718 5379 1591 7206
14 332 8868 3915 9042 6029 85 9033 9576 1067 2133 7863 8941 4057 108
14 1804 1830 7086 9947 4411 2302 3001 8206 937 4760 3671 2822 8770 2848
12 4511 6455 2198 9890 4717 174 2376 5399 4271 3500 7617 2200
19 876 8220 5824 1364 6389 6863 4232 2793 6055 9456 6072 5677 4438 5604 6867 6266 4545 9555 8138
22 6098 2467 5001 1504 6138 7414 2498 78 3547 6525 3481 5153 4514 7023 9551 410 5800 8230 3762 2203 8238 626
6 9477 2751 7250 9605 4719 2528
21 4617 8996 6548 2504 6858 7735 9079 2263 7195 7262 2575 1358 7181 5560 8365 4180 5474 8683 8392 3402 7201
26 7629 7569 7931 6451 8017 8814 4787 6862 3796 2506 2522 8081 6841 7961 5261 5418 1749 4240 140 4611 3612 6482 758 7766 343 4047
11 6172 8694 6677 2439 3877 6808 3625 3328 6996 2936 6686
12 5351 6438 4585 9610 348 9836 9537 7604 7232 9106 9789 1855
18 64 7941 2406 1393 8225 2315 1590 9080 6810 3650 7960 7447 2820 1654 8845 3890 3749 3120
13 7249 7602 6550 9925 5492 5772 6781 45 2666 281 1969 5707 1216
20 8854 6182 5866 8529 1745 542 7422 9222 599 5100 3499 130 8296 2933 4460 8525 4816 4715 2475 1998
23 6657 1299 5301 8534 7394 3574 3053 9043 6854 8813 1629 1875 5258 3118 6183 5550 5831 3998 7424 7818 2032 8870 4292
18 4247 1912 8373 7149 880 1075 6813 4340 7747 7388 7544 6014 9791 1824 3042 4310 5977 5439
12 3739 4450 7691 1081 1532 9645 872 7295 3838 5198 8865 4374
20 3735 4046 4167 7689 3556 4851 1810 3241 9026 5350 7497 620 3109 7919 5288 9887 7997 784 5362 5758
21 9424 1872 6582 4314 6578 4810 8954 7598 551 5796 5468 3856 2066 1373 3273 9434 8724 9787 6016 9831 7223
14 7444 5103 9932 6728 3634 4963 4077 1333 2728 4296 7426 4392 5939 3698
23 7576 4879 949 5101 9160 6488 4394 467 3101 4096 9688 1538 9310 7932 8066 5354 1703 5505 1467 1573 3929 6623 4324
22 6121 1896 1248 5201 6059 9103 5016 288 7605 6286 8584 4368 5015 9094 4458 5048 9580 4010 966 3520 5652 7093
22 1302 2867 3231 2444 5635 7791 5191 9816 3808 7921 4849 9592 600 2759 574 6175 5839 8043 3335 6518 4987 9796
21 9952 514 8801 1198 2601 15 7062 8793 6382 3283 3037 2503 4288 8405 3872 182 9365 8877 4556 4490 7953
25 458 8664 9881 7764 4104 3282 7830 7914 1921 7819 8844 5217 7835 8752 9905 2616 6691 1683 6986 6944 8321 5057 6007 9716 9184
27 3622 4969 7564 8864 4634 4667 7334 249 5083 6030 6800 1857 7887 570 6328 5363 7828 2674 7980 9197 5928 763 7017 6595 1454 6487 9472
13 3146 8401 6909 5901 2468 9358 3222 6604 9748 1918 6947 5509 1545
11 7710 9538 6244 5260 8938 7122 2354 8839 535 6158 8908
6 4455 608 364 3750 2565 2445
7 3170 1778 6904 5862 1163 5513 3286
18 9817 816 8502 5527 6920 5733 6264 9674 7299 2295 6126 324 8393 4991 2806 1599 9721 1300
20 3394 7078 4002 5692 8268 8903 9930 9113 6471 5215 4590 334 7218 6594 7297 7268 1677 9178 9834 8269
18 4724 3203 8257 7103 384 3630 8281 4548 7046 7470 4466 323 4367 9339 1383 9898 2609 7472
21 523 1589 2234 3584 2375 9270 5134 8432 4370 4454 4155 4954 2459 8651 4169 5935 349 6766 4580 8019 3617
7 4496 7900 7266 5386 9894 5734 3560
24 7207 9370 3278 9968 6447 7552 414 6047 433 116 3060 2991 7652 373 861 1901 9692 2083 2879 6685 1837 7235 8674 7173
20 379 6197 10 6785 5565 3919 1469 4597 3689 2918 9643 5378 3011 6096 3835 2114 4286 5179 4160 2276
25 8686 4653 8407 5725 6839 1980 8693 1861 8976 8359 5136 8287 1370 5947 5488 6852 3034 6599 2631 3766 2064 4295 4911 7039 6626
11 761 2464 1319 8809 999 2763 8964 2594 1301 6371 2411
15 81 5914 8343 5835 385 4360 3296 1533 2194 7158 5873 6895 1987 7744 6291
11 3398 354 9044 8975 6792 7257 6323 3626 2492 9488 7393
19 3583 5539 5287 8243 4331 1101 4584 7490 4062 6888 9884 6235 754 4093 72 5911 4329 6080 9196
14 5238 5861 1220 7794 1271 7004 4472 232 1069 732 9470 6137 7549 773
11 2171 8038 4344 9228 5247 2938 6134 8576 8673 4341 7147
13 7438 1023 8875 8169 4254 9302 5521 9966 8716 9465 4506 5432 431
17 7143 4981 9433 991 5502 2237 3516 2524 7084 4061 7345 1127 6046 5044 9013 1003 9545
16 462 9912 2477 7267 2244 1842 723 3659 2811 4298 8092 9154 1225 9120 5637 1559
16 4689 2910 8963 2309 1031 6861 7132 4173 8705 4259 8442 3599 7541 5767 752 4818
19 1942 7829 8644 1051 2220 4685 6038 1314 9983 6117 6429 940 9788 9122 4765 236 8905 3041 7600
6 5307 2881 5955 5674 1376 5891
13 607 921 5844 2415 7498 5804 8917 9826 8014 4619 4518 4187 7015
8 2718 451 3613 7969 2437 441 3558 5842
13 105 6161 5770 6722 8911 9462 8646 6820 3406 6077 904 1241 923
19 8023 8551 2694 5929 970 4547 4280 9848 917 8256 3695 9587 5075 314 3571 3719 1060 6419 8091
12 376 475 7901 9151 6907 6864 2407 6699 8492 5878 8553 9532
11 5090 9549 1386 2686 8306 7719 8265 220 2255 6853 5629
8 8803 7686 152 9116 6216 1884 853 4887
20 9992 1981 5583 612 9534 6042 2859 9235 1025 8914 6945 33 3604 7480 2223 7800 593 2564 5504 8666
12 1465 5291 8665 8615 4070 4465 2583 2098 3301 7168 3825 795
21 550 6883 6708 2501 4489 7007 3963 9709 3496 7858 1268 6037 3834 7213 8532 438 2656 5003 7057 5606 749
21 2515 4159 2179 6987 133 5394 3999 3416 6655 9163 9299 7247 9096 7786 4672 8935 9373 5735 5147 204 8217
14 4139 7284 8031 4265 2638 5 5469 7035 5972 7660 3014 8327 3128 7183
26 4895 9268 3314 8826 4224 6406 4663 9091 7340 814 9591 1017 8003 8117 2727 162 7670 7240 9590 810 7307 6310 9936 1661 296 7059
11 5782 893 402 8659 5216 1394 470 4001 7265 6557 9515
16 1620 5465 1188 8150 8063 3 1296 786 2359 4148 8734 4284 3131 6844 1347 3111
14 1944 3135 5391 5106 2854 5171 1554 3056 7669 8455 5845 2300 3903 3781
19 9526 1791 7987 285 6298 5655 3078 8415 5925 1253 8264 3868 4149 8756 2610 7481 7673 3619 8022
10 1412 8869 5070 4087 1308 5704 2614 6156 7217 1000
20 6379 5709 9192 4711 2153 1307 1154 2451 4529 71 4253 8165 9173 6651 407 4504 3327 5978 3702 2134
21 4206 8075 4117 5998 1592 4675 6437 2580 8599 7892 7400 1437 3600 488 4451 2608 3480 472 2312 6271 5275
18 1176 2021 3699 9378 9085 7090 7728 2380 6256 3248 7752 6732 9414 8863 6817 8552 6051 9906
12 8112 3778 1160 4588 1442 4427 8398 5148 2677 7496 4383 8942
12 3270 2952 823 9737 1480 8645 979 8876 5310 543 9607 1555
18 8620 9784 4266 8811 9630 4388 8841 1525 50 6553 1811 4102 5489 3942 3644 2329 888 6465
24 8229 8603 8366 6743 8960 8212 235 2299 9718 4964 2672 8859 4382 2158 8270 6428 4161 4444 2195 5774 7427 8879 2499 4650
15 8176 6407 7693 8263 8103 1891 3534 6833 6308 4014 1061 1238 3611 9281 3880
13 3721 4021 156 3227 6491 4274 3377 6873 112 3351 8129 9914 5471
18 342 7392 4515 4209 4125 6414 8750 3763 8049 3448 7461 9841 7452 5776 9280 911 5960 1367
14 3732 4595 9159 5995 2972 7203 1466 3174 67 5969 3791 9782 9309 8874
14 9584 9513 9397 3489 1094 3061 6320 7970 3302 471 8619 2337 6 2152
19 8134 6201 194 8933 9092 8067 4106 7547 2733 2471 191 413 6343 5820 3280 6664 1636 1318 4779
12 6133 7263 9948 4819 1431 7091 1715 2535 545 1042 6090 4197
7 5628 8378 5713 5962 2292 4327 4796
22 7381 7823 7866 4248 1402 9205 3139 4985 2584 3365 7029 1229 7050 36 8015 2833 4199 6434 7335 6257 1547 6603
14 4593 5660 4031 244 7873 2025 3845 1603 7809 7951 4041 8279 8900 224
19 9823 5306 5464 9658 8390 4789 4730 7706 4026 8733 4831 7027 1231 3063 6576 3084 9198 2148 5586
16 9238 9167 618 9229 7205 4082 1816 9389 8201 5612 8999 2289 2490 2280 9747 2586
20 4921 857 8326 7352 4626 3553 520 8966 4571 6219 2029 4313 2705 42 9124 3658 2747 8701 5659 6840
22 9303 3450 5278 8547 4279 4549 6459 7098 9111 3747 7674 80 619 7584 6017 9521 4956 7801 6534 4479 3987 8740
10 4072 4128 9150 7707 2142 2619 6972 9212 2870 1190
18 2548 5305 1876 9023 916 4038 3045 3395 8697 2462 7578 7875 9999 9986 1195 8352 792 3723
13 8194 3054 5124 6850 6391 9678 897 279 2956 4892 695 3736 8047
17 1568 2670 3340 5529 8025 6540 1539 9565 7945 3018 1916 5328 7774 6108 322 4901 437
15 8882 3775 5579 3843 8505 9810 2959 1907 1668 9727 1310 3674 4850 9740 5273
14 3044 4772 2863 6678 6855 5807 9663 7725 7596 1077 18 8648 1931 9374
22 138 3751 4942 8250 9420 3331 7353 7047 7030 1103 110 7995 3303 2101 7305 4721 4257 3718 5676 5029 5865 6479
6 3821 6420 5347 7787 4027 3559
9 1968 8272 2107 1799 9694 7231 3498 280 9287
13 9410 633 1256 4552 6579 3157 7493 6515 7844 7437 9606 2993 3458
12 4767 6596 65 3550 4429 7273 9175 9318 6162 4710 1957 7621
12 5036 660 6222 2648 2082 2115 5780 5342 3238 4606 2529 9990
20 2366 4499 1967 527 2729 8143 2682 3916 5882 335 227 6835 7582 4216 1675 1026 8145 8454 1161 2669
21 8799 1771 2390 283 2 8748 1870 1770 2351 1856 2932 3363 7736 5264 3744 6468 4860 5022 7906 1642 2597
15 852 6602 6387 3376 2676 6254 186 5795 1122 1882 4928 1481 4069 1359 7049
13 9134 2126 4756 1246 9713 2204 8411 6209 9007 2858 3780 9432 3820
14 6971 6188 1309 5907 4642 7341 4899 6165 9324 1486 4740 8775 5484 1140
11 8190 578 8827 1004 6642 7806 1045 7237 1050 4770 9868
20 9362 7701 889 9355 8779 5167 2364 9386 9108 604 2222 7012 8765 3357 8488 246 7151 6573 6405 750
9 7915 7609 4365 6114 3828 7695 5122 6543 2709
4 2797 8585 3230 3207
10 9561 5994 4594 7614 724 4821 1790 9230 5478 737
7 1924 9987 9376 3487 8437 22 492
5 8719 2532 8241 8045 3341
19 5188 3463 6821 1424 3137 2632 6763 9422 3639 3764 2215 3379 6508 6318 1021 1234 6088 901 1118
16 6393 2191 6102 909 125 4036 2633 8469 7144 7431 478 9201 829 6499 6152 5434
6 7654 2141 9321 6513 9335 7581
9 2360 6946 6333 355 678 6591 685 2922 9097
19 9779 1767 5262 8649 2039 9442 6734 5309 1761 647 9762 4576 8757 9032 8702 4162 1377 298 6170
12 3221 5689 6714 1932 7397 6704 8958 4306 9491 885 5826 1284
12 775 9019 6372 8985 3935 8577 9086 4434 51 9048 8762 9970
20 83 6730 5411 9225 6552 1065 8650 9400 6478 5186 4527 8880 269 4797 2624 4287 2277 8374 6439 6185
20 3925 3907 5958 8004 1058 8252 2420 4053 8052 5128 3567 2199 3932 3720 5949 6147 2821 6052 3620 4622
7 483 1684 9511 7994 4798 444 6544
18 6974 3213 4804 8763 2279 7897 8886 5206 5223 5696 1585 1903 1607 1826 2456 9146 3618 7441
12 9436 2284 214 1649 2012 6299 9093 577 9825 1063 7694 3861
15 216 9247 4979 155 1477 4579 3519 6408 7478 2946 9294 6782 2238 4542 9711
11 7445 4838 5965 6653 2080 148 1074 4701 430 4145 6278
11 9249 8986 2555 5276 9984 3179 5855 7976 9176 690 6073
15 918 1387 2990 3016 7094 9899 496 6091 5346 7850 3226 2487 6881 8949 3737
10 2893 3924 4539 9322 9447 7177 1707 2242 3881 6018
16 3154 7220 6415 8549 946 5605 2331 848 7225 7658 9861 2827 6968 2211 7601 8054
7 3729 9337 5863 9423 7377 1476 4321
6 8071 7310 5811 1374 8106 5333
9 7555 1458 7045 1930 4317 8849 9301 7742 6127
17 9671 9939 7588 9060 2687 1505 2387 4342 3587 3217 2801 8678 31 447 9703 4918 4799
14 4843 9278 3266 3682 4351 185 9973 4412 4146 7859 4945 4267 6445 770
10 6476 5809 8239 6908 4121 3088 5318 8453 8178 1619
8 1266 3973 1889 1485 261 2150 3937 1344
16 93 7507 1145 7939 2017 8200 4603 7199 7473 2120 2266 3306 1927 251 3923 7899
22 1897 9022 9879 2231 9774 1471 4521 1493 6776 1361 591 8531 2903 9903 6892 7803 8497 5296 8087 4723 5055 4319
9 553 4113 9623 5451 8416 6605 4138 2516 4042
20 5143 5651 9292 357 6167 4632 1068 3805 7815 6516 7776 5869 3486 3995 3734 8735 8 4540 9736 8154
11 4825 8601 8855 8387 3841 7738 2712 2772 5199 6303 5578
16 2332 2805 2947 7285 4100 517 5178 1155 9676 3627 56 4049 7739 136 1084 7795
13 4784 9319 1774 1037 1610 6289 9873 1044 257 1586 3408 5225 2138
13 2281 5208 9421 1753 9224 7321 6205 256 4919 1853 347 8388 9530
5 9152 6442 8817 6758 978
8 8610 7075 9063 7836 2258 1400 998 8331
16 6353 8745 2567 2214 3382 3151 803 4708 9857 6100 1112 2474 4181 3586 7404 3569
12 3418 4792 4130 5847 7407 6067 3225 9895 598 7722 4563 3514
16 7645 7286 5981 2892 2762 6859 333 8466 919 2995 7336 7959 8923 4844 5953 1929
7 252 7613 4952 836 265 1602 9770
16 2935 3009 1078 173 6149 7327 4870 8709 2102 3852 8634 1445 6937 1427 7146 8113
13 3606 639 405 2116 6061 4044 3551 7622 9598 6778 564 1743 766
18 5442 6939 924 6366 7807 3072 4692 1964 8805 798 6936 2460 5814 9977 3679 8001 6458 5944
15 3065 5032 3495 2414 7661 5645 3004 5648 4381 3091 5551 4967 6978 2449 5376
3 9038 7077 8563
5 5751 8555 3169 9377 5821
15 7757 5520 6620 3342 1578 2542 745 6617 4814 7469 2629 2259 5322 1939 8122
10 2412 7421 4551 4132 5115 8669 7073 1652 7375 6997
14 7594 7763 7259 4852 8127 841 4452 7294 2068 1821 3252 1473 4883 8654
9 1257 1716 2630 2722 1396 1979 8107 2177 6063
4 4704 5091 2049 5398
8 4528 7258 5236 5812 197 4530 6993 5588
16 1275 293 6923 6504 8438 114 5007 1434 5755 6506 1362 5251 4668 5623 3863 8433
7 2907 9219 338 4698 3027 8498 4868
18 6816 6043 7860 3813 5614 2350 8829 9943 3015 5940 4462 2734 4408 341 1544 3535 8862 638
16 5794 9988 9554 4512 3961 5522 6609 4526 8679 9689 4581 3800 5224 2683 7756 6365
12 8009 8247 8471 4385 9445 1070 5246 8341 1213 3284 9004 4891
12 5184 1832 2254 6636 6812 1432 3521 1895 4774 1847 9214 1562
13 5523 4264 688 7741 1789 2379 7412 5685 6005 1983 1230 9317 3643
13 9139 7650 1989 701 5183 9862 179 7076 6427 5705 2698 5248 3313
5 2696 4034 6784 4555 5903
16 8656 456 2552 1828 6001 7360 1243 9535 6095 8474 5834 3343 3304 6717 4157 4243
7 4136 8061 6590 8495 8632 4573 7458
10 2737 6625 5537 1783 2016 6736 7893 8041 9856 8422
17 3159 6332 1072 3738 6225 3649 1397 4596 2798 7539 9340 9343 971 8589 82 1115 8934
9 9194 6811 7536 8318 6497 5297 9098 2168 4483
16 5243 3233 1920 7608 676 2971 6660 2489 1151 5066 597 6236 1144 4134 188 2172
10 1345 3052 1286 5639 2092 5624 8240 5581 1751 5501
6 7366 7120 9155 8624 4523 8402
15 8628 2348 2413 34 2483 3318 3831 721 9660 5239 3046 1419 3690 9558 2794
5 3364 1475 9031 6190 7568
18 663 6025 5849 6738 3332 7272 4097 2328 6142 1766 6501 4226 2458 9656 1951 9937 3264 1009
9 6122 3299 3939 7551 1409 6385 9621 7279 7482
6 9686 5802 7634 7324 5932 3638
15 1132 1371 1839 8643 5085 9174 8436 7607 9200 4364 5942 4522 7714 2410 7252
13 2087 104 9363 3888 4234 5152 2860 5643 6535 1611 898 1341 2664
7 310 3822 6411 1665 5404 8490 7825
8 6803 9425 7656 3320 6671 5759 2743 2951
11 1922 9772 5096 6166 5056 4785 1312 192 4671 8210 5108
17 8246 1965 2274 7420 6549 5200 8011 9500 1490 3957 8647 1295 5458 3255 8089 7824 2117
15 9722 5640 4970 2634 6679 8181 6531 1754 8472 9223 1991 8910 6943 8808 8947
15 1551 3446 5525 1224 2587 539 5823 2588 68 9942 2391 3240 8581 9827 5232
15 9886 870 7923 337 9161 3166 8834 8894 7269 9493 9061 7938 2221 4158 9326
8 6565 7417 5738 9435 3726 4999 8759 218
2 6755 7632
6 126 742 9682 1945 6259 8000
6 5967 6562 1844 6795 3812 3032
9 7365 2285 2466 9285 8568 4589 7369 2161 89
8 7647 7148 3470 3251 5600 8993 6608 7025
15 1357 997 8314 1535 8170 8065 7841 915 5126 6496 834 4976 9369 6789 4140
14 1999 4874 1316 9839 3144 2889 3806 2970 4418 3095 2679 5494 9829 2544
6 2622 6641 5380 3150 2129 9824
14 1796 8873 4876 6560 2306 6432 891 2094 4610 6950 8130 5436 3928 7410
15 260 2996 3483 1164 7699 3467 2342 14 111 5964 6598 3518 8372 9700 2509
10 779 1800 8767 1516 2644 7653 8680 8016 2974 641
14 1604 8672 3577 2028 4827 3209 8473 5252 642 8369 9494 3804 398 6559
14 1340 996 1711 687 3096 6954 8794 8706 6787 9773 4401 6470 4592 8185
8 1041 6020 6530 735 1124 2183 6511 4604
15 6008 7619 9945 2419 2428 2058 2849 5641 8005 5146 4015 1522 7681 2888 6148
6 5289 8450 1420 3772 3672 2758
2 76 1159
8 8115 634 2111 5038 9615 1890 6107 8994
7 6571 274 9330 6583 8083 2843 1088
3 9015 1317 5226
5 2777 1423 5448 3900 7760
3 8357 9904 4793
4 5172 1047 1597 2939
15 9651 9801 9969 2988 5706 7890 2071 3815 9995 429 8754 1517 4510 3298 3478
13 9395 4395 5330 367 8924 4934 2703 9486 9383 9014 1570 5900 3204
13 4258 3136 9050 4436 1334 5290 8696 4126 1141 4897 5485 7783 7700
4 9641 3466 196 4646
14 9112 4739 5611 5181 7868 9315 8608 1219 2067 2902 2113 8404 424 3289
13 3152 223 8936 1657 3678 287 5447 8142 3441 3390 86 8429 5265
13 6977 3360 1687 2800 9892 5185 5515 650 8867 2127 3400 7881 4127
14 9629 8583 217 7254 9453 4386 9036 4743 2001 7905 436 7409 1472 3850
10 7528 7838 6215 5114 6688 8483 258 4820 6350 8618
5 473 9244 7543 875 9723
12 7556 7322 4822 5231 2514 3944 2136 2592 6258 3892 1261 6721
14 5870 5906 8930 6532 931 9662 6894 1214 8313 9797 4904 1962 5720 6342
4 2078 7506 6665 8622
13 4423 5132 339 5336 9352 5397 4413 2877 1278 5204 6035 1813 9329
9 689 9114 3123 6629 4878 1027 5974 9058 962
12 370 7958 1457 6561 346 8977 6028 9585 9 8538 4156 9860
13 4345 6324 827 9695 6551 8032 8769 6435 8487 7991 1909 5280 9227
5 812 9055 1520 5053 1022
1 2887
14 3391 1502 96 3908 3006 2050 4294 822 6334 16 6585 566 5848 7115
13 8121 505 3668 8537 1571 3175 8355 7717 5242 540 4752 4281 142
7 9418 9338 9953 9792 8211 7214 4124
12 1449 3361 1498 9081 8418 427 2775 9715 259 4 6113 9304
3 2461 5360 180
12 7504 6370 6232 2744 5450 4995 8602 3983 8396 2073 8517 464
15 7848 43 1917 7775 8095 4813 1641 6876 7748 8897 9589 7131 7166 4553 7467
3 4801 9039 8730
6 1499 3686 8842 5383 1941 2099
3 358 5765 820
9 9929 2162 7033 4599 8982 7565 1290 3589 5543
11 1750 198 3401 8465 6554 1108 6015 6973 679 7459 4091
7 9593 2159 943 6151 6959 392 8171
4 8135 588 7963 9359
13 6131 8896 3538 9578 1039 4574 555 844 6627 4731 2286 1456 1378
3 1534 728 4469
6 5093 250 8161 7333 5742 5646
12 9510 2236 2018 5315 7067 765 1413 3460 1280 6635 6481 1439
6 3573 4591 8591 4420 7733 5547
10 813 2124 9672 1600 5667 469 9446 5455 8057 5020
11 8297 4748 2792 3653 5131 8205 317 1581 778 8847 7289
6 501 1840 9778 9213 5308 1626
14 1672 9327 1996 2239 3768 3183 1608 4627 7484 3676 7896 3093 9818 2724
1 5441
3 2476 3803 9520
15 5367 6033 4334 5196 1807 2484 7895 6275 8223 9041 3529 3405 2864 9172 8535
6 8889 9853 1717 4975 62 4417
5 3316 5444 5368 7789 6093
6 6574 9183 1057 6376 8335 2265
10 3704 5194 988 3219 1899 491 6979 329 675 465
11 8439 668 7060 2416 3552 1759 6373 5413 5388 4320 3346
13 6054 5680 9982 1742 5528 7308 228 4508 2598 8580 8424 2845 5174
4 877 682 4289 3827
6 838 2146 882 7740 8657 5254
3 3810 7523 3870
5 2232 6284 7159 1954 2448
3 3709 4649 1055
2 3397 5968
6 4835 2761 6369 8208 7055 7432
4 3177 2014 8836 240
3 6929 9426 1114
12 9102 1737 4304 7827 8983 3814 4391 4519 4172 1841 1304 1948
4 27 5483 9236 6143
6 2662 6169 903 3089 5281 4846
11 760 2778 237 9125 5338 308 7618 9095 9717 7011 2271
10 9188 621 4889 9728 9528 3003 1728 7413 6819 3528
10 521 878 9367 9603 7495 8579 4763 9220 1705 9766
3 2913 5985 4929
7 8720 6395 1032 4480 2812 1287 6060
6 4727 5145 9149 8929 8718 1343
4 2572 3479 6383 4949
4 7212 2803 5079 1018
5 3794 6826 3964 1180 3755
10 9991 6957 725 4616 1482 6845 6210 5253 3994 5723
6 2668 6887 2435 5580 4725 247
5 4655 3272 360 6748 4241
3 9107 8635 6834
2 1033 7655
2 4736 6111
11 9344 4933 5403 9777 145 5922 8249 5058 3724 8527 8414
7 9924 1915 4083 1669 8391 1418 2225
6 2510 2472 2446 2013 5737 2983
7 5081 7491 5129 5833 5533 3386 6221
1 1546
6 9907 468 8456 7880 7563 9117
8 5574 3933 5691 1184 3260 4231 4750 2627
7 6109 1556 6097 9260 8858 8320 7036
1 3288
6 5638 7902 7885 9169 1019 2755
4 8853 2716 1536 8556
4 8514 6287 6998 9677
3 7947 2423 2530
4 99 9609 8710 976
3 7664 3742 6260
4 5337 1802 7026 1569
4 2574 4791 3677 2897
2 6118 7986
3 8385 1006 5841
1 9380
1 3259
1 5859
1 8700
1 5173
1 5370
1 4538
1 4120
1 3985
1 7058
1 1212
1 3883
1 1558
1 2163
1 6870
1 1410
1 8069
1 3969
1 2813
1 9430
1 4955
1 1134
1 4103
1 8789
